#
# There is insufficient memory for the Java Runtime Environment to continue.
# Native memory allocation (mmap) failed to map 130023424 bytes. Error detail: G1 virtual space
# Possible reasons:
#   The system is out of physical RAM or swap space
#   This process is running with CompressedOops enabled, and the Java Heap may be blocking the growth of the native heap
# Possible solutions:
#   Reduce memory load on the system
#   Increase physical memory or swap space
#   Check if swap backing store is full
#   Decrease Java heap size (-Xmx/-Xms)
#   Decrease number of Java threads
#   Decrease Java thread stack sizes (-Xss)
#   Set larger code cache with -XX:ReservedCodeCacheSize=
#   JVM is running with Unscaled Compressed Oops mode in which the Java heap is
#     placed in the first 4GB address space. The Java Heap base address is the
#     maximum limit for the native heap growth. Please use -XX:HeapBaseMinAddress
#     to set the Java Heap base and to place the Java Heap above 4GB virtual address.
# This output file may be truncated or incomplete.
#
#  Out of Memory Error (os_windows.cpp:3703), pid=11328, tid=8684
#
# JRE version:  (23.0.1+11) (build )
# Java VM: Java HotSpot(TM) 64-Bit Server VM (23.0.1+11-39, mixed mode, sharing, tiered, compressed oops, compressed class ptrs, g1 gc, windows-amd64)
# No core dump will be written. Minidumps are not enabled by default on client versions of Windows
#

---------------  S U M M A R Y ------------

Command Line: 

Host: 11th Gen Intel(R) Core(TM) i5-1135G7 @ 2.40GHz, 8 cores, 7G,  Windows 11 , 64 bit Build 22621 (10.0.22621.4391)
Time: Wed Nov 20 02:11:51 2024 China Standard Time elapsed time: 0.021132 seconds (0d 0h 0m 0s)

---------------  T H R E A D  ---------------

Current thread (0x0000020b304df100):  JavaThread "Unknown thread" [_thread_in_vm, id=8684, stack(0x000000aa7be00000,0x000000aa7bf00000) (1024K)]

Stack: [0x000000aa7be00000,0x000000aa7bf00000]
Native frames: (J=compiled Java code, j=interpreted, Vv=VM code, C=native code)
V  [jvm.dll+0x6e08b9]  (no source info available)
V  [jvm.dll+0x87dc83]  (no source info available)
V  [jvm.dll+0x88010e]  (no source info available)
V  [jvm.dll+0x8807e3]  (no source info available)
V  [jvm.dll+0x27aee6]  (no source info available)
V  [jvm.dll+0x6dd1c5]  (no source info available)
V  [jvm.dll+0x6d104a]  (no source info available)
V  [jvm.dll+0x35b3ea]  (no source info available)
V  [jvm.dll+0x3637f6]  (no source info available)
V  [jvm.dll+0x34fd5e]  (no source info available)
V  [jvm.dll+0x34fff8]  (no source info available)
V  [jvm.dll+0x3289cc]  (no source info available)
V  [jvm.dll+0x32966e]  (no source info available)
V  [jvm.dll+0x844355]  (no source info available)
V  [jvm.dll+0x3b9848]  (no source info available)
V  [jvm.dll+0x82d14c]  (no source info available)
V  [jvm.dll+0x454d4e]  (no source info available)
V  [jvm.dll+0x456bd1]  (no source info available)
C  [jli.dll+0x52a3]  (no source info available)
C  [ucrtbase.dll+0x29333]  (no source info available)
C  [KERNEL32.DLL+0x1259d]  (no source info available)
C  [ntdll.dll+0x5af38]  (no source info available)

Lock stack of current Java thread (top to bottom):


---------------  P R O C E S S  ---------------

Threads class SMR info:
_java_thread_list=0x00007ffcb7263618, length=0, elements={
}

Java Threads: ( => current thread )
Total: 0

Other Threads:
  0x0000020b32780960 WorkerThread "GC Thread#0"                     [id=11824, stack(0x000000aa7bf00000,0x000000aa7c000000) (1024K)]
  0x0000020b327ad520 ConcurrentGCThread "G1 Main Marker"            [id=18344, stack(0x000000aa7c000000,0x000000aa7c100000) (1024K)]
  0x0000020b327ae030 WorkerThread "G1 Conc#0"                       [id=15300, stack(0x000000aa7c100000,0x000000aa7c200000) (1024K)]

[error occurred during error reporting (printing all threads), id 0xc0000005, EXCEPTION_ACCESS_VIOLATION (0xc0000005) at pc=0x00007ffcb69abfba]
VM state: not at safepoint (not fully initialized)

VM Mutex/Monitor currently owned by a thread:  ([mutex/lock_event])
[0x00007ffcb72e3a10] Heap_lock - owner thread: 0x0000020b304df100

Heap address: 0x0000000084200000, size: 1982 MB, Compressed Oops mode: 32-bit

CDS archive(s) mapped at: [0x0000000000000000-0x0000000000000000-0x0000000000000000), size 0, SharedBaseAddress: 0x0000000800000000, ArchiveRelocationMode: 1.
Narrow klass base: 0x0000000000000000, Narrow klass shift: 0, Narrow klass range: 0x0

GC Precious Log:
 CardTable entry size: 512
 Card Set container configuration: InlinePtr #cards 5 size 8 Array Of Cards #cards 10 size 36 Howl #buckets 4 coarsen threshold 1843 Howl Bitmap #cards 512 size 80 coarsen threshold 460 Card regions per heap region 1 cards per card region 2048

Heap:
 garbage-first heap   total reserved 2029568K, committed 0K, used 0K [0x0000000084200000, 0x0000000100000000)
  region size 1024K, 0 young (0K), 0 survivors (0K)

[error occurred during error reporting (printing heap information), id 0xc0000005, EXCEPTION_ACCESS_VIOLATION (0xc0000005) at pc=0x00007ffcb6dac3c9]
GC Heap History (0 events):
No events

Dll operation events (1 events):
Event: 0.013 Loaded shared library C:\Program Files\Java\jdk-23\bin\java.dll

Deoptimization events (0 events):
No events

Classes loaded (0 events):
No events

Classes unloaded (0 events):
No events

Classes redefined (0 events):
No events

Internal exceptions (0 events):
No events

VM Operations (0 events):
No events

Memory protections (0 events):
No events

Nmethod flushes (0 events):
No events

Events (0 events):
No events


Dynamic libraries:
0x00007ff767c60000 - 0x00007ff767c70000 	C:\Program Files\Java\jdk-23\bin\java.exe
0x00007ffd36db0000 - 0x00007ffd36fc7000 	C:\WINDOWS\SYSTEM32\ntdll.dll
0x00007ffd36360000 - 0x00007ffd36424000 	C:\WINDOWS\System32\KERNEL32.DLL
0x00007ffd34400000 - 0x00007ffd347b9000 	C:\WINDOWS\System32\KERNELBASE.dll
0x00007ffd34890000 - 0x00007ffd349a1000 	C:\WINDOWS\System32\ucrtbase.dll
0x00007ffd1f3a0000 - 0x00007ffd1f3b7000 	C:\Program Files\Java\jdk-23\bin\jli.dll
0x00007ffd367c0000 - 0x00007ffd3696e000 	C:\WINDOWS\System32\USER32.dll
0x00007ffd34350000 - 0x00007ffd34376000 	C:\WINDOWS\System32\win32u.dll
0x00007ffd34d90000 - 0x00007ffd34db9000 	C:\WINDOWS\System32\GDI32.dll
0x00007ffd15190000 - 0x00007ffd15422000 	C:\WINDOWS\WinSxS\amd64_microsoft.windows.common-controls_6595b64144ccf1df_6.0.22621.4391_none_2715d37f73803e96\COMCTL32.dll
0x00007ffd349b0000 - 0x00007ffd34acb000 	C:\WINDOWS\System32\gdi32full.dll
0x00007ffd36a90000 - 0x00007ffd36b37000 	C:\WINDOWS\System32\msvcrt.dll
0x00007ffd1f030000 - 0x00007ffd1f04b000 	C:\Program Files\Java\jdk-23\bin\VCRUNTIME140.dll
0x00007ffd347c0000 - 0x00007ffd3485a000 	C:\WINDOWS\System32\msvcp_win.dll
0x00007ffd35770000 - 0x00007ffd357a1000 	C:\WINDOWS\System32\IMM32.DLL
0x00007ffd1e1d0000 - 0x00007ffd1e1dc000 	C:\Program Files\Java\jdk-23\bin\vcruntime140_1.dll
0x00007ffd1cca0000 - 0x00007ffd1cd2e000 	C:\Program Files\Java\jdk-23\bin\msvcp140.dll
0x00007ffcb6670000 - 0x00007ffcb73bf000 	C:\Program Files\Java\jdk-23\bin\server\jvm.dll
0x00007ffd35690000 - 0x00007ffd35742000 	C:\WINDOWS\System32\ADVAPI32.dll
0x00007ffd365e0000 - 0x00007ffd36687000 	C:\WINDOWS\System32\sechost.dll
0x00007ffd34860000 - 0x00007ffd34888000 	C:\WINDOWS\System32\bcrypt.dll
0x00007ffd36970000 - 0x00007ffd36a84000 	C:\WINDOWS\System32\RPCRT4.dll
0x00007ffd36690000 - 0x00007ffd36701000 	C:\WINDOWS\System32\WS2_32.dll
0x00007ffd32f40000 - 0x00007ffd32f8d000 	C:\WINDOWS\SYSTEM32\POWRPROF.dll
0x00007ffd2a680000 - 0x00007ffd2a6b4000 	C:\WINDOWS\SYSTEM32\WINMM.dll
0x00007ffd283c0000 - 0x00007ffd283ca000 	C:\WINDOWS\SYSTEM32\VERSION.dll
0x00007ffd32f20000 - 0x00007ffd32f33000 	C:\WINDOWS\SYSTEM32\UMPDC.dll
0x00007ffd331e0000 - 0x00007ffd331f8000 	C:\WINDOWS\SYSTEM32\kernel.appcore.dll
0x00007ffd1df10000 - 0x00007ffd1df1a000 	C:\Program Files\Java\jdk-23\bin\jimage.dll
0x00007ffd31420000 - 0x00007ffd31652000 	C:\WINDOWS\SYSTEM32\DBGHELP.DLL
0x00007ffd35d30000 - 0x00007ffd360bf000 	C:\WINDOWS\System32\combase.dll
0x00007ffd34b50000 - 0x00007ffd34c27000 	C:\WINDOWS\System32\OLEAUT32.dll
0x00007ffd257b0000 - 0x00007ffd257e2000 	C:\WINDOWS\SYSTEM32\dbgcore.DLL
0x00007ffd34380000 - 0x00007ffd343fb000 	C:\WINDOWS\System32\bcryptPrimitives.dll
0x00007ffd1db60000 - 0x00007ffd1db7e000 	C:\Program Files\Java\jdk-23\bin\java.dll
0x00007ffd36430000 - 0x00007ffd365d5000 	C:\WINDOWS\System32\ole32.dll
0x00007ffd34e10000 - 0x00007ffd35686000 	C:\WINDOWS\System32\SHELL32.dll

dbghelp: loaded successfully - version: 4.0.5 - missing functions: none
symbol engine: initialized successfully - sym options: 0x614 - pdb path: .;C:\Program Files\Java\jdk-23\bin;C:\WINDOWS\SYSTEM32;C:\WINDOWS\WinSxS\amd64_microsoft.windows.common-controls_6595b64144ccf1df_6.0.22621.4391_none_2715d37f73803e96;C:\Program Files\Java\jdk-23\bin\server

VM Arguments:
java_command: <unknown>
java_class_path (initial): <not set>
Launcher Type: SUN_STANDARD

[Global flags]
     intx CICompilerCount                          = 4                                         {product} {ergonomic}
     uint ConcGCThreads                            = 2                                         {product} {ergonomic}
     uint G1ConcRefinementThreads                  = 8                                         {product} {ergonomic}
   size_t G1HeapRegionSize                         = 1048576                                   {product} {ergonomic}
   size_t InitialHeapSize                          = 130023424                                 {product} {ergonomic}
   size_t MarkStackSize                            = 4194304                                   {product} {ergonomic}
   size_t MarkStackSizeMax                         = 536870912                                 {product} {ergonomic}
   size_t MaxHeapSize                              = 2078277632                                {product} {ergonomic}
   size_t MinHeapDeltaBytes                        = 1048576                                   {product} {ergonomic}
   size_t MinHeapSize                              = 8388608                                   {product} {ergonomic}
    uintx NonNMethodCodeHeapSize                   = 5832704                                {pd product} {ergonomic}
    uintx NonProfiledCodeHeapSize                  = 122945536                              {pd product} {ergonomic}
    uintx ProfiledCodeHeapSize                     = 122880000                              {pd product} {ergonomic}
    uintx ReservedCodeCacheSize                    = 251658240                              {pd product} {ergonomic}
     bool SegmentedCodeCache                       = true                                      {product} {ergonomic}
   size_t SoftMaxHeapSize                          = 2078277632                             {manageable} {ergonomic}
     bool UseCompressedOops                        = true                           {product lp64_product} {ergonomic}
     bool UseG1GC                                  = true                                      {product} {ergonomic}
     bool UseLargePagesIndividualAllocation        = false                                  {pd product} {ergonomic}

Logging:
Log output configuration:
 #0: stdout all=warning uptime,level,tags foldmultilines=false
 #1: stderr all=off uptime,level,tags foldmultilines=false

Environment Variables:
PATH=C:\Program Files\Common Files\Oracle\Java\javapath;C:\Program Files (x86)\NVIDIA Corporation\PhysX\Common;C:\WINDOWS\system32;C:\WINDOWS;C:\WINDOWS\System32\Wbem;C:\WINDOWS\System32\WindowsPowerShell\v1.0\;C:\WINDOWS\System32\OpenSSH\;C:\Program Files\dotnet\;C:\Program Files\nodejs\;C:\Program Files\Git\cmd;C:\Users\shara\AppData\Local\Microsoft\WindowsApps;C:\Users\shara\AppData\Local\Programs\Microsoft VS Code\bin;C:\Users\shara\AppData\Roaming\npm
USERNAME=shara
LANG=en_US.UTF-8
OS=Windows_NT
PROCESSOR_IDENTIFIER=Intel64 Family 6 Model 140 Stepping 1, GenuineIntel
TMP=C:\Users\shara\AppData\Local\Temp
TEMP=C:\Users\shara\AppData\Local\Temp




Periodic native trim disabled

---------------  S Y S T E M  ---------------

OS:
 Windows 11 , 64 bit Build 22621 (10.0.22621.4391)
OS uptime: 0 days 12:23 hours
Hyper-V role detected

CPU: total 8 (initial active 8) (4 cores per cpu, 2 threads per core) family 6 model 140 stepping 1 microcode 0xb8, cx8, cmov, fxsr, ht, mmx, 3dnowpref, sse, sse2, sse3, ssse3, sse4.1, sse4.2, popcnt, lzcnt, tsc, tscinvbit, avx, avx2, aes, erms, clmul, bmi1, bmi2, adx, avx512f, avx512dq, avx512cd, avx512bw, avx512vl, sha, fma, vzeroupper, avx512_vpopcntdq, avx512_vpclmulqdq, avx512_vaes, avx512_vnni, clflush, clflushopt, clwb, avx512_vbmi2, avx512_vbmi, hv, rdtscp, rdpid, fsrm, gfni, avx512_bitalg, f16c, cet_ibt, cet_ss, avx512_ifma
Processor Information for the first 8 processors :
  Max Mhz: 2419, Current Mhz: 2419, Mhz Limit: 2419

Memory: 4k page, system-wide physical 7926M (347M free)
TotalPageFile size 32502M (AvailPageFile size 103M)
current process WorkingSet (physical memory assigned to process): 12M, peak: 12M
current process commit charge ("private bytes"): 60M, peak: 184M

vm_info: Java HotSpot(TM) 64-Bit Server VM (23.0.1+11-39) for windows-amd64 JRE (23.0.1+11-39), built on 2024-09-30T07:20:43Z with MS VC++ 17.6 (VS2022)

END.
